This file contains any messages produced by compilers while
running configure, to aid debugging if configure makes a mistake.

It was created by SimpleGame configure 0.1, which was
generated by GNU Autoconf 2.68.  Invocation command line was

  $ /home/gb172/workspace/ci224-lecture4/game/configure 

## --------- ##
## Platform. ##
## --------- ##

hostname = mowa202L-b3.university.brighton.ac.uk
uname -m = x86_64
uname -r = 3.6.9-2.fc17.x86_64
uname -s = Linux
uname -v = #1 SMP Tue Dec 4 13:26:04 UTC 2012

/usr/bin/uname -p = x86_64
/bin/uname -X     = unknown

/bin/arch              = x86_64
/usr/bin/arch -k       = unknown
/usr/convex/getsysinfo = unknown
/usr/bin/hostinfo      = unknown
/bin/machine           = unknown
/usr/bin/oslevel       = unknown
/bin/universe          = unknown

PATH: /usr/lib64/qt-3.3/bin
PATH: /usr/lib64/ccache
PATH: /usr/local/bin
PATH: /usr/bin
PATH: /bin
PATH: /usr/local/sbin
PATH: /usr/sbin
PATH: /usr/share/jboss-as-7.0.2.Final/bin
PATH: /usr/java/jdk1.7.0_04/jre/bin
PATH: /home/gb172/.local/bin
PATH: /home/gb172/bin


## ----------- ##
## Core tests. ##
## ----------- ##

configure:2119: checking for a BSD-compatible install
configure:2187: result: /usr/bin/install -c
configure:2198: checking whether build environment is sane
configure:2248: result: yes
configure:2389: checking for a thread-safe mkdir -p
configure:2428: result: /usr/bin/mkdir -p
configure:2441: checking for gawk
configure:2457: found /usr/bin/gawk
configure:2468: result: gawk
configure:2479: checking whether make sets $(MAKE)
configure:2501: result: yes
configure:2642: checking for g++
configure:2658: found /usr/lib64/ccache/g++
configure:2669: result: g++
configure:2696: checking for C++ compiler version
configure:2705: g++ --version >&5
g++ (GCC) 4.7.2 20120921 (Red Hat 4.7.2-2)
Copyright (C) 2012 Free Software Foundation, Inc.
This is free software; see the source for copying conditions.  There is NO
warranty; not even for MERCHANTABILITY or FITNESS FOR A PARTICULAR PURPOSE.

configure:2716: $? = 0
configure:2705: g++ -v >&5
Using built-in specs.
COLLECT_GCC=/usr/bin/g++
COLLECT_LTO_WRAPPER=/usr/libexec/gcc/x86_64-redhat-linux/4.7.2/lto-wrapper
Target: x86_64-redhat-linux
Configured with: ../configure --prefix=/usr --mandir=/usr/share/man --infodir=/usr/share/info --with-bugurl=http://bugzilla.redhat.com/bugzilla --enable-bootstrap --enable-shared --enable-threads=posix --enable-checking=release --disable-build-with-cxx --disable-build-poststage1-with-cxx --with-system-zlib --enable-__cxa_atexit --disable-libunwind-exceptions --enable-gnu-unique-object --enable-linker-build-id --with-linker-hash-style=gnu --enable-languages=c,c++,objc,obj-c++,java,fortran,ada,go,lto --enable-plugin --enable-initfini-array --enable-java-awt=gtk --disable-dssi --with-java-home=/usr/lib/jvm/java-1.5.0-gcj-1.5.0.0/jre --enable-libgcj-multifile --enable-java-maintainer-mode --with-ecj-jar=/usr/share/java/eclipse-ecj.jar --disable-libjava-multilib --with-ppl --with-cloog --with-tune=generic --with-arch_32=i686 --build=x86_64-redhat-linux
Thread model: posix
gcc version 4.7.2 20120921 (Red Hat 4.7.2-2) (GCC) 
configure:2716: $? = 0
configure:2705: g++ -V >&5
g++: error: unrecognized command line option '-V'
g++: fatal error: no input files
compilation terminated.
configure:2716: $? = 4
configure:2705: g++ -qversion >&5
g++: error: unrecognized command line option '-qversion'
g++: fatal error: no input files
compilation terminated.
configure:2716: $? = 4
configure:2736: checking whether the C++ compiler works
configure:2758: g++    conftest.cpp  >&5
configure:2762: $? = 0
configure:2810: result: yes
configure:2813: checking for C++ compiler default output file name
configure:2815: result: a.out
configure:2821: checking for suffix of executables
configure:2828: g++ -o conftest    conftest.cpp  >&5
configure:2832: $? = 0
configure:2854: result: 
configure:2876: checking whether we are cross compiling
configure:2884: g++ -o conftest    conftest.cpp  >&5
configure:2888: $? = 0
configure:2895: ./conftest
configure:2899: $? = 0
configure:2914: result: no
configure:2919: checking for suffix of object files
configure:2941: g++ -c   conftest.cpp >&5
configure:2945: $? = 0
configure:2966: result: o
configure:2970: checking whether we are using the GNU C++ compiler
configure:2989: g++ -c   conftest.cpp >&5
configure:2989: $? = 0
configure:2998: result: yes
configure:3007: checking whether g++ accepts -g
configure:3027: g++ -c -g  conftest.cpp >&5
configure:3027: $? = 0
configure:3068: result: yes
configure:3102: checking for style of include used by make
configure:3130: result: GNU
configure:3156: checking dependency style of g++
configure:3267: result: gcc3
configure:3332: checking for gcc
configure:3348: found /usr/lib64/ccache/gcc
configure:3359: result: gcc
configure:3588: checking for C compiler version
configure:3597: gcc --version >&5
gcc (GCC) 4.7.2 20120921 (Red Hat 4.7.2-2)
Copyright (C) 2012 Free Software Foundation, Inc.
This is free software; see the source for copying conditions.  There is NO
warranty; not even for MERCHANTABILITY or FITNESS FOR A PARTICULAR PURPOSE.

configure:3608: $? = 0
configure:3597: gcc -v >&5
Using built-in specs.
COLLECT_GCC=/usr/bin/gcc
COLLECT_LTO_WRAPPER=/usr/libexec/gcc/x86_64-redhat-linux/4.7.2/lto-wrapper
Target: x86_64-redhat-linux
Configured with: ../configure --prefix=/usr --mandir=/usr/share/man --infodir=/usr/share/info --with-bugurl=http://bugzilla.redhat.com/bugzilla --enable-bootstrap --enable-shared --enable-threads=posix --enable-checking=release --disable-build-with-cxx --disable-build-poststage1-with-cxx --with-system-zlib --enable-__cxa_atexit --disable-libunwind-exceptions --enable-gnu-unique-object --enable-linker-build-id --with-linker-hash-style=gnu --enable-languages=c,c++,objc,obj-c++,java,fortran,ada,go,lto --enable-plugin --enable-initfini-array --enable-java-awt=gtk --disable-dssi --with-java-home=/usr/lib/jvm/java-1.5.0-gcj-1.5.0.0/jre --enable-libgcj-multifile --enable-java-maintainer-mode --with-ecj-jar=/usr/share/java/eclipse-ecj.jar --disable-libjava-multilib --with-ppl --with-cloog --with-tune=generic --with-arch_32=i686 --build=x86_64-redhat-linux
Thread model: posix
gcc version 4.7.2 20120921 (Red Hat 4.7.2-2) (GCC) 
configure:3608: $? = 0
configure:3597: gcc -V >&5
gcc: error: unrecognized command line option '-V'
gcc: fatal error: no input files
compilation terminated.
configure:3608: $? = 4
configure:3597: gcc -qversion >&5
gcc: error: unrecognized command line option '-qversion'
gcc: fatal error: no input files
compilation terminated.
configure:3608: $? = 4
configure:3612: checking whether we are using the GNU C compiler
configure:3631: gcc -c   conftest.c >&5
configure:3631: $? = 0
configure:3640: result: yes
configure:3649: checking whether gcc accepts -g
configure:3669: gcc -c -g  conftest.c >&5
configure:3669: $? = 0
configure:3710: result: yes
configure:3727: checking for gcc option to accept ISO C89
configure:3791: gcc  -c -g -O2  conftest.c >&5
configure:3791: $? = 0
configure:3804: result: none needed
configure:3826: checking dependency style of gcc
configure:3937: result: gcc3
configure:3958: checking how to run the C preprocessor
configure:3989: gcc -E  conftest.c
configure:3989: $? = 0
configure:4003: gcc -E  conftest.c
conftest.c:11:28: fatal error: ac_nonexistent.h: No such file or directory
compilation terminated.
configure:4003: $? = 1
configure: failed program was:
| /* confdefs.h */
| #define PACKAGE_NAME "SimpleGame"
| #define PACKAGE_TARNAME "simplegame"
| #define PACKAGE_VERSION "0.1"
| #define PACKAGE_STRING "SimpleGame 0.1"
| #define PACKAGE_BUGREPORT ""
| #define PACKAGE_URL ""
| #define PACKAGE "simplegame"
| #define VERSION "0.1"
| /* end confdefs.h.  */
| #include <ac_nonexistent.h>
configure:4028: result: gcc -E
configure:4048: gcc -E  conftest.c
configure:4048: $? = 0
configure:4062: gcc -E  conftest.c
conftest.c:11:28: fatal error: ac_nonexistent.h: No such file or directory
compilation terminated.
configure:4062: $? = 1
configure: failed program was:
| /* confdefs.h */
| #define PACKAGE_NAME "SimpleGame"
| #define PACKAGE_TARNAME "simplegame"
| #define PACKAGE_VERSION "0.1"
| #define PACKAGE_STRING "SimpleGame 0.1"
| #define PACKAGE_BUGREPORT ""
| #define PACKAGE_URL ""
| #define PACKAGE "simplegame"
| #define VERSION "0.1"
| /* end confdefs.h.  */
| #include <ac_nonexistent.h>
configure:4091: checking for grep that handles long lines and -e
configure:4149: result: /usr/bin/grep
configure:4154: checking for egrep
configure:4216: result: /usr/bin/grep -E
configure:4221: checking for ANSI C header files
configure:4241: gcc -c -g -O2  conftest.c >&5
configure:4241: $? = 0
configure:4314: gcc -o conftest -g -O2   conftest.c  >&5
configure:4314: $? = 0
configure:4314: ./conftest
configure:4314: $? = 0
configure:4325: result: yes
configure:4338: checking for sys/types.h
configure:4338: gcc -c -g -O2  conftest.c >&5
configure:4338: $? = 0
configure:4338: result: yes
configure:4338: checking for sys/stat.h
configure:4338: gcc -c -g -O2  conftest.c >&5
configure:4338: $? = 0
configure:4338: result: yes
configure:4338: checking for stdlib.h
configure:4338: gcc -c -g -O2  conftest.c >&5
configure:4338: $? = 0
configure:4338: result: yes
configure:4338: checking for string.h
configure:4338: gcc -c -g -O2  conftest.c >&5
configure:4338: $? = 0
configure:4338: result: yes
configure:4338: checking for memory.h
configure:4338: gcc -c -g -O2  conftest.c >&5
configure:4338: $? = 0
configure:4338: result: yes
configure:4338: checking for strings.h
configure:4338: gcc -c -g -O2  conftest.c >&5
configure:4338: $? = 0
configure:4338: result: yes
configure:4338: checking for inttypes.h
configure:4338: gcc -c -g -O2  conftest.c >&5
configure:4338: $? = 0
configure:4338: result: yes
configure:4338: checking for stdint.h
configure:4338: gcc -c -g -O2  conftest.c >&5
configure:4338: $? = 0
configure:4338: result: yes
configure:4338: checking for unistd.h
configure:4338: gcc -c -g -O2  conftest.c >&5
configure:4338: $? = 0
configure:4338: result: yes
configure:4350: checking vectormath/cpp/vectormath_aos.h usability
configure:4350: gcc -c -g -O2  conftest.c >&5
conftest.c:54:43: fatal error: vectormath/cpp/vectormath_aos.h: No such file or directory
compilation terminated.
configure:4350: $? = 1
configure: failed program was:
| /* confdefs.h */
| #define PACKAGE_NAME "SimpleGame"
| #define PACKAGE_TARNAME "simplegame"
| #define PACKAGE_VERSION "0.1"
| #define PACKAGE_STRING "SimpleGame 0.1"
| #define PACKAGE_BUGREPORT ""
| #define PACKAGE_URL ""
| #define PACKAGE "simplegame"
| #define VERSION "0.1"
| #define STDC_HEADERS 1
| #define HAVE_SYS_TYPES_H 1
| #define HAVE_SYS_STAT_H 1
| #define HAVE_STDLIB_H 1
| #define HAVE_STRING_H 1
| #define HAVE_MEMORY_H 1
| #define HAVE_STRINGS_H 1
| #define HAVE_INTTYPES_H 1
| #define HAVE_STDINT_H 1
| #define HAVE_UNISTD_H 1
| /* end confdefs.h.  */
| #include <stdio.h>
| #ifdef HAVE_SYS_TYPES_H
| # include <sys/types.h>
| #endif
| #ifdef HAVE_SYS_STAT_H
| # include <sys/stat.h>
| #endif
| #ifdef STDC_HEADERS
| # include <stdlib.h>
| # include <stddef.h>
| #else
| # ifdef HAVE_STDLIB_H
| #  include <stdlib.h>
| # endif
| #endif
| #ifdef HAVE_STRING_H
| # if !defined STDC_HEADERS && defined HAVE_MEMORY_H
| #  include <memory.h>
| # endif
| # include <string.h>
| #endif
| #ifdef HAVE_STRINGS_H
| # include <strings.h>
| #endif
| #ifdef HAVE_INTTYPES_H
| # include <inttypes.h>
| #endif
| #ifdef HAVE_STDINT_H
| # include <stdint.h>
| #endif
| #ifdef HAVE_UNISTD_H
| # include <unistd.h>
| #endif
| #include <vectormath/cpp/vectormath_aos.h>
configure:4350: result: no
configure:4350: checking vectormath/cpp/vectormath_aos.h presence
configure:4350: gcc -E  conftest.c
conftest.c:21:43: fatal error: vectormath/cpp/vectormath_aos.h: No such file or directory
compilation terminated.
configure:4350: $? = 1
configure: failed program was:
| /* confdefs.h */
| #define PACKAGE_NAME "SimpleGame"
| #define PACKAGE_TARNAME "simplegame"
| #define PACKAGE_VERSION "0.1"
| #define PACKAGE_STRING "SimpleGame 0.1"
| #define PACKAGE_BUGREPORT ""
| #define PACKAGE_URL ""
| #define PACKAGE "simplegame"
| #define VERSION "0.1"
| #define STDC_HEADERS 1
| #define HAVE_SYS_TYPES_H 1
| #define HAVE_SYS_STAT_H 1
| #define HAVE_STDLIB_H 1
| #define HAVE_STRING_H 1
| #define HAVE_MEMORY_H 1
| #define HAVE_STRINGS_H 1
| #define HAVE_INTTYPES_H 1
| #define HAVE_STDINT_H 1
| #define HAVE_UNISTD_H 1
| /* end confdefs.h.  */
| #include <vectormath/cpp/vectormath_aos.h>
configure:4350: result: no
configure:4350: checking for vectormath/cpp/vectormath_aos.h
configure:4350: result: no
configure:4411: checking for pkg-config
configure:4429: found /usr/bin/pkg-config
configure:4441: result: /usr/bin/pkg-config
configure:4466: checking pkg-config is at least version 0.9.0
configure:4469: result: yes
configure:4479: checking for gl
configure:4486: $PKG_CONFIG --exists --print-errors "gl"
configure:4489: $? = 0
configure:4502: $PKG_CONFIG --exists --print-errors "gl"
configure:4505: $? = 0
configure:4564: result: yes
configure:4570: checking for glew
configure:4577: $PKG_CONFIG --exists --print-errors "glew"
configure:4580: $? = 0
configure:4593: $PKG_CONFIG --exists --print-errors "glew"
configure:4596: $? = 0
configure:4655: result: yes
configure:4661: checking for sdl
configure:4668: $PKG_CONFIG --exists --print-errors "sdl"
configure:4671: $? = 0
configure:4684: $PKG_CONFIG --exists --print-errors "sdl"
configure:4687: $? = 0
configure:4746: result: yes
configure:4887: creating ./config.status

## ---------------------- ##
## Running config.status. ##
## ---------------------- ##

This file was extended by SimpleGame config.status 0.1, which was
generated by GNU Autoconf 2.68.  Invocation command line was

  CONFIG_FILES    = 
  CONFIG_HEADERS  = 
  CONFIG_LINKS    = 
  CONFIG_COMMANDS = 
  $ ./config.status 

on mowa202L-b3.university.brighton.ac.uk

config.status:876: creating Makefile
config.status:876: creating src/Makefile
config.status:876: creating config.h
config.status:1105: executing depfiles commands

## ---------------- ##
## Cache variables. ##
## ---------------- ##

ac_cv_c_compiler_gnu=yes
ac_cv_cxx_compiler_gnu=yes
ac_cv_env_CCC_set=
ac_cv_env_CCC_value=
ac_cv_env_CC_set=
ac_cv_env_CC_value=
ac_cv_env_CFLAGS_set=
ac_cv_env_CFLAGS_value=
ac_cv_env_CPPFLAGS_set=
ac_cv_env_CPPFLAGS_value=
ac_cv_env_CPP_set=
ac_cv_env_CPP_value=
ac_cv_env_CXXFLAGS_set=
ac_cv_env_CXXFLAGS_value=
ac_cv_env_CXX_set=
ac_cv_env_CXX_value=
ac_cv_env_LDFLAGS_set=
ac_cv_env_LDFLAGS_value=
ac_cv_env_LIBS_set=
ac_cv_env_LIBS_value=
ac_cv_env_PKG_CONFIG_LIBDIR_set=
ac_cv_env_PKG_CONFIG_LIBDIR_value=
ac_cv_env_PKG_CONFIG_PATH_set=
ac_cv_env_PKG_CONFIG_PATH_value=
ac_cv_env_PKG_CONFIG_set=
ac_cv_env_PKG_CONFIG_value=
ac_cv_env_build_alias_set=
ac_cv_env_build_alias_value=
ac_cv_env_gl_CFLAGS_set=
ac_cv_env_gl_CFLAGS_value=
ac_cv_env_gl_LIBS_set=
ac_cv_env_gl_LIBS_value=
ac_cv_env_glew_CFLAGS_set=
ac_cv_env_glew_CFLAGS_value=
ac_cv_env_glew_LIBS_set=
ac_cv_env_glew_LIBS_value=
ac_cv_env_host_alias_set=
ac_cv_env_host_alias_value=
ac_cv_env_sdl_CFLAGS_set=
ac_cv_env_sdl_CFLAGS_value=
ac_cv_env_sdl_LIBS_set=
ac_cv_env_sdl_LIBS_value=
ac_cv_env_target_alias_set=
ac_cv_env_target_alias_value=
ac_cv_header_inttypes_h=yes
ac_cv_header_memory_h=yes
ac_cv_header_stdc=yes
ac_cv_header_stdint_h=yes
ac_cv_header_stdlib_h=yes
ac_cv_header_string_h=yes
ac_cv_header_strings_h=yes
ac_cv_header_sys_stat_h=yes
ac_cv_header_sys_types_h=yes
ac_cv_header_unistd_h=yes
ac_cv_header_vectormath_cpp_vectormath_aos_h=no
ac_cv_objext=o
ac_cv_path_EGREP='/usr/bin/grep -E'
ac_cv_path_GREP=/usr/bin/grep
ac_cv_path_ac_pt_PKG_CONFIG=/usr/bin/pkg-config
ac_cv_path_install='/usr/bin/install -c'
ac_cv_path_mkdir=/usr/bin/mkdir
ac_cv_prog_AWK=gawk
ac_cv_prog_CPP='gcc -E'
ac_cv_prog_ac_ct_CC=gcc
ac_cv_prog_ac_ct_CXX=g++
ac_cv_prog_cc_c89=
ac_cv_prog_cc_g=yes
ac_cv_prog_cxx_g=yes
ac_cv_prog_make_make_set=yes
am_cv_CC_dependencies_compiler_type=gcc3
am_cv_CXX_dependencies_compiler_type=gcc3
pkg_cv_gl_CFLAGS='-I/usr/include/libdrm  '
pkg_cv_gl_LIBS='-lGL  '
pkg_cv_glew_CFLAGS='-I/usr/include/GL  '
pkg_cv_glew_LIBS='-lGLEW  '
pkg_cv_sdl_CFLAGS='-D_GNU_SOURCE=1 -D_REENTRANT -I/usr/include/SDL  '
pkg_cv_sdl_LIBS='-lSDL -lpthread  '

## ----------------- ##
## Output variables. ##
## ----------------- ##

ACLOCAL='${SHELL} /home/gb172/workspace/ci224-lecture4/game/missing --run aclocal-1.11'
AMDEPBACKSLASH='\'
AMDEP_FALSE='#'
AMDEP_TRUE=''
AMTAR='$${TAR-tar}'
AUTOCONF='${SHELL} /home/gb172/workspace/ci224-lecture4/game/missing --run autoconf'
AUTOHEADER='${SHELL} /home/gb172/workspace/ci224-lecture4/game/missing --run autoheader'
AUTOMAKE='${SHELL} /home/gb172/workspace/ci224-lecture4/game/missing --run automake-1.11'
AWK='gawk'
CC='gcc'
CCDEPMODE='depmode=gcc3'
CFLAGS='-g -O2'
CPP='gcc -E'
CPPFLAGS=''
CXX='g++'
CXXDEPMODE='depmode=gcc3'
CXXFLAGS='-g -O2'
CYGPATH_W='echo'
DEFS='-DHAVE_CONFIG_H'
DEPDIR='.deps'
ECHO_C=''
ECHO_N='-n'
ECHO_T=''
EGREP='/usr/bin/grep -E'
EXEEXT=''
GREP='/usr/bin/grep'
INSTALL_DATA='${INSTALL} -m 644'
INSTALL_PROGRAM='${INSTALL}'
INSTALL_SCRIPT='${INSTALL}'
INSTALL_STRIP_PROGRAM='$(install_sh) -c -s'
LDFLAGS=''
LIBOBJS=''
LIBS=''
LTLIBOBJS=''
MAKEINFO='${SHELL} /home/gb172/workspace/ci224-lecture4/game/missing --run makeinfo'
MKDIR_P='/usr/bin/mkdir -p'
OBJEXT='o'
PACKAGE='simplegame'
PACKAGE_BUGREPORT=''
PACKAGE_NAME='SimpleGame'
PACKAGE_STRING='SimpleGame 0.1'
PACKAGE_TARNAME='simplegame'
PACKAGE_URL=''
PACKAGE_VERSION='0.1'
PATH_SEPARATOR=':'
PKG_CONFIG='/usr/bin/pkg-config'
PKG_CONFIG_LIBDIR=''
PKG_CONFIG_PATH=''
SET_MAKE=''
SHELL='/bin/sh'
STRIP=''
VERSION='0.1'
ac_ct_CC='gcc'
ac_ct_CXX='g++'
am__EXEEXT_FALSE=''
am__EXEEXT_TRUE='#'
am__fastdepCC_FALSE='#'
am__fastdepCC_TRUE=''
am__fastdepCXX_FALSE='#'
am__fastdepCXX_TRUE=''
am__include='include'
am__isrc=''
am__leading_dot='.'
am__nodep='_no'
am__quote=''
am__tar='$${TAR-tar} chof - "$$tardir"'
am__untar='$${TAR-tar} xf -'
bindir='${exec_prefix}/bin'
build_alias=''
datadir='${datarootdir}'
datarootdir='${prefix}/share'
docdir='${datarootdir}/doc/${PACKAGE_TARNAME}'
dvidir='${docdir}'
exec_prefix='${prefix}'
gl_CFLAGS='-I/usr/include/libdrm  '
gl_LIBS='-lGL  '
glew_CFLAGS='-I/usr/include/GL  '
glew_LIBS='-lGLEW  '
host_alias=''
htmldir='${docdir}'
includedir='${prefix}/include'
infodir='${datarootdir}/info'
install_sh='${SHELL} /home/gb172/workspace/ci224-lecture4/game/install-sh'
libdir='${exec_prefix}/lib'
libexecdir='${exec_prefix}/libexec'
localedir='${datarootdir}/locale'
localstatedir='${prefix}/var'
mandir='${datarootdir}/man'
mkdir_p='/usr/bin/mkdir -p'
oldincludedir='/usr/include'
pdfdir='${docdir}'
prefix='/usr/local'
program_transform_name='s,x,x,'
psdir='${docdir}'
sbindir='${exec_prefix}/sbin'
sdl_CFLAGS='-D_GNU_SOURCE=1 -D_REENTRANT -I/usr/include/SDL  '
sdl_LIBS='-lSDL -lpthread  '
sharedstatedir='${prefix}/com'
sysconfdir='${prefix}/etc'
target_alias=''

## ----------- ##
## confdefs.h. ##
## ----------- ##

/* confdefs.h */
#define PACKAGE_NAME "SimpleGame"
#define PACKAGE_TARNAME "simplegame"
#define PACKAGE_VERSION "0.1"
#define PACKAGE_STRING "SimpleGame 0.1"
#define PACKAGE_BUGREPORT ""
#define PACKAGE_URL ""
#define PACKAGE "simplegame"
#define VERSION "0.1"
#define STDC_HEADERS 1
#define HAVE_SYS_TYPES_H 1
#define HAVE_SYS_STAT_H 1
#define HAVE_STDLIB_H 1
#define HAVE_STRING_H 1
#define HAVE_MEMORY_H 1
#define HAVE_STRINGS_H 1
#define HAVE_INTTYPES_H 1
#define HAVE_STDINT_H 1
#define HAVE_UNISTD_H 1

configure: exit 0
